c:\users\whatsseob\desktop\graphysics\graphics\mydx11\ver8_ambiendlighting\x64\debug\ver8_ambiendlighting.pch
c:\users\whatsseob\desktop\graphysics\graphics\mydx11\ver8_ambiendlighting\x64\debug\vc142.pdb
c:\users\whatsseob\desktop\graphysics\graphics\mydx11\ver8_ambiendlighting\x64\debug\vc142.idb
c:\users\whatsseob\desktop\graphysics\graphics\mydx11\ver8_ambiendlighting\x64\debug\stdafx.obj
c:\users\whatsseob\desktop\graphysics\graphics\mydx11\ver8_ambiendlighting\x64\debug\textureshaderclass.obj
c:\users\whatsseob\desktop\graphysics\graphics\mydx11\ver8_ambiendlighting\x64\debug\textureclass.obj
c:\users\whatsseob\desktop\graphysics\graphics\mydx11\ver8_ambiendlighting\x64\debug\systemclass.obj
c:\users\whatsseob\desktop\graphysics\graphics\mydx11\ver8_ambiendlighting\x64\debug\modelclass.obj
c:\users\whatsseob\desktop\graphysics\graphics\mydx11\ver8_ambiendlighting\x64\debug\main.obj
c:\users\whatsseob\desktop\graphysics\graphics\mydx11\ver8_ambiendlighting\x64\debug\lightshaderclass.obj
c:\users\whatsseob\desktop\graphysics\graphics\mydx11\ver8_ambiendlighting\x64\debug\lightclass.obj
c:\users\whatsseob\desktop\graphysics\graphics\mydx11\ver8_ambiendlighting\x64\debug\inputclass.obj
c:\users\whatsseob\desktop\graphysics\graphics\mydx11\ver8_ambiendlighting\x64\debug\graphicsclass.obj
c:\users\whatsseob\desktop\graphysics\graphics\mydx11\ver8_ambiendlighting\x64\debug\ddstextureloader.obj
c:\users\whatsseob\desktop\graphysics\graphics\mydx11\ver8_ambiendlighting\x64\debug\d3dclass.obj
c:\users\whatsseob\desktop\graphysics\graphics\mydx11\ver8_ambiendlighting\x64\debug\cameraclass.obj
c:\users\whatsseob\desktop\graphysics\graphics\mydx11\js_dx11\x64\debug\ver8_ambiendlighting.exe
c:\users\whatsseob\desktop\graphysics\graphics\mydx11\ver8_ambiendlighting\x64\debug\ver8_ambiendlighting.ilk
c:\users\whatsseob\desktop\graphysics\graphics\mydx11\js_dx11\x64\debug\ver8_ambiendlighting.pdb
c:\users\whatsseob\desktop\graphysics\graphics\mydx11\ver8_ambiendlighting\x64\debug\ver8_amb.5b43f1d6.tlog\cl.command.1.tlog
c:\users\whatsseob\desktop\graphysics\graphics\mydx11\ver8_ambiendlighting\x64\debug\ver8_amb.5b43f1d6.tlog\cl.read.1.tlog
c:\users\whatsseob\desktop\graphysics\graphics\mydx11\ver8_ambiendlighting\x64\debug\ver8_amb.5b43f1d6.tlog\cl.write.1.tlog
c:\users\whatsseob\desktop\graphysics\graphics\mydx11\ver8_ambiendlighting\x64\debug\ver8_amb.5b43f1d6.tlog\link.command.1.tlog
c:\users\whatsseob\desktop\graphysics\graphics\mydx11\ver8_ambiendlighting\x64\debug\ver8_amb.5b43f1d6.tlog\link.read.1.tlog
c:\users\whatsseob\desktop\graphysics\graphics\mydx11\ver8_ambiendlighting\x64\debug\ver8_amb.5b43f1d6.tlog\link.write.1.tlog
